<?xml version="1.0" encoding="UTF-8"?>
<testng-results ignored="0" total="1" passed="1" failed="0" skipped="0">
  <reporter-output>
  </reporter-output>
  <suite started-at="2023-03-31T00:48:15 IST" name="Default suite" finished-at="2023-03-31T00:50:26 IST" duration-ms="130817">
    <groups>
    </groups>
    <test started-at="2023-03-31T00:48:15 IST" name="Default test" finished-at="2023-03-31T00:50:26 IST" duration-ms="130817">
      <class name="SeleniumAssignment.Assign1CartButton">
        <test-method signature="Cart()[pri:0, instance:SeleniumAssignment.Assign1CartButton@78e94dcf]" started-at="2023-03-31T00:48:15 IST" name="Cart" finished-at="2023-03-31T00:50:26 IST" duration-ms="130691" status="PASS">
          <reporter-output>
          </reporter-output>
        </test-method> <!-- Cart -->
      </class> <!-- SeleniumAssignment.Assign1CartButton -->
    </test> <!-- Default test -->
  </suite> <!-- Default suite -->
</testng-results>
